<?xml version="1.0" encoding="UTF-8"?>
<!-- Generated by org.testng.reporters.JUnitReportReporter -->
<testsuite hostname="Deskhom" failures="0" tests="1" name="loginTest.TC_01" time="0.396" errors="0" timestamp="17 nov. 2021 04:10:02 GMT" skipped="0">
  <testcase classname="loginTest.TC_01" name="TC_02_IncorrectCorrectLogin" time="0.396"/>
</testsuite> <!-- loginTest.TC_01 -->
