<?xml version="1.0" encoding="UTF-8"?>
<!-- Generated by org.testng.reporters.JUnitReportReporter -->
<testsuite ignored="0" hostname="Deskhom" failures="0" tests="1" name="NewTest" time="2.263" errors="0" timestamp="21 ago. 2021 15:51:02 GMT" skipped="0">
  <testcase classname="NewTest" name="f" time="2.263"/>
</testsuite> <!-- NewTest -->
