<?xml version="1.0" encoding="UTF-8"?>
<!-- Generated by org.testng.reporters.JUnitReportReporter -->
<testsuite ignored="0" hostname="Deskhom" failures="0" tests="1" name="NewTest" time="1.783" errors="0" timestamp="22 ago. 2021 04:36:18 GMT" skipped="0">
  <testcase classname="NewTest" name="f" time="1.783"/>
</testsuite> <!-- NewTest -->
